2025-03-31 09:57:21 - Script started
2025-03-31 09:57:21 - Files included
2025-03-31 09:57:21 - Page ID: 99, Status: null
2025-03-31 09:57:21 - Content received: 10937 bytes
2025-03-31 09:57:21 - Starting content update process
2025-03-31 09:57:21 - Performing permanent save
2025-03-31 09:57:21 - Backing up active content
2025-03-31 09:57:21 - Updating active content
2025-03-31 09:57:21 - Deleting temporary content
2025-03-31 09:57:21 - Creating HTML file
2025-03-31 09:57:21 - HTML file creation result: Success
2025-03-31 09:57:21 - Setting redirect to content page
2025-04-02 08:37:30 - Script started
2025-04-02 08:37:30 - Files included
2025-04-02 08:37:30 - Page ID: 99, Status: null
2025-04-02 08:37:30 - Content received: 10955 bytes
2025-04-02 08:37:30 - Starting content update process
2025-04-02 08:37:30 - Performing permanent save
2025-04-02 08:37:30 - Backing up active content
2025-04-02 08:37:30 - Updating active content
2025-04-02 08:37:30 - Deleting temporary content
2025-04-02 08:37:30 - Creating HTML file
2025-04-02 08:37:30 - HTML file creation result: Success
2025-04-02 08:37:30 - Setting redirect to content page
2025-04-24 13:39:13 - Script started
2025-04-24 13:39:13 - Files included
2025-04-24 13:39:13 - Page ID: 1, Status: null
2025-04-24 13:39:13 - Content received: 1569 bytes
2025-04-24 13:39:13 - Starting content update process
2025-04-24 13:39:13 - Performing permanent save
2025-04-24 13:39:13 - Backing up active content
2025-04-24 13:39:13 - Updating active content
2025-04-24 13:39:13 - Deleting temporary content
2025-04-24 13:39:13 - Creating HTML file
2025-04-24 13:39:13 - HTML file creation result: Success
2025-04-24 13:39:13 - Setting redirect to content page
2025-04-24 13:39:53 - Script started
2025-04-24 13:39:53 - Files included
2025-04-24 13:39:53 - Page ID: 1, Status: null
2025-04-24 13:39:53 - Content received: 1622 bytes
2025-04-24 13:39:53 - Starting content update process
2025-04-24 13:39:53 - Performing permanent save
2025-04-24 13:39:53 - Backing up active content
2025-04-24 13:39:53 - Updating active content
2025-04-24 13:39:53 - Deleting temporary content
2025-04-24 13:39:53 - Creating HTML file
2025-04-24 13:39:53 - HTML file creation result: Success
2025-04-24 13:39:53 - Setting redirect to content page
2025-04-24 13:44:41 - Script started
2025-04-24 13:44:41 - Files included
2025-04-24 13:44:41 - Page ID: 1, Status: null
2025-04-24 13:44:41 - Content received: 1477 bytes
2025-04-24 13:44:41 - Starting content update process
2025-04-24 13:44:41 - Performing permanent save
2025-04-24 13:44:41 - Backing up active content
2025-04-24 13:44:41 - Updating active content
2025-04-24 13:44:41 - Deleting temporary content
2025-04-24 13:44:41 - Creating HTML file
2025-04-24 13:44:41 - HTML file creation result: Success
2025-04-24 13:44:41 - Setting redirect to content page
2025-04-24 13:45:17 - Script started
2025-04-24 13:45:17 - Files included
2025-04-24 13:45:17 - Page ID: 1, Status: null
2025-04-24 13:45:17 - Content received: 1483 bytes
2025-04-24 13:45:17 - Starting content update process
2025-04-24 13:45:17 - Performing permanent save
2025-04-24 13:45:17 - Backing up active content
2025-04-24 13:45:17 - Updating active content
2025-04-24 13:45:17 - Deleting temporary content
2025-04-24 13:45:17 - Creating HTML file
2025-04-24 13:45:17 - HTML file creation result: Success
2025-04-24 13:45:17 - Setting redirect to content page
